<?xml version="1.0" encoding="UTF-8"?>
<!-- Generated by org.testng.reporters.JUnitXMLReporter -->
<testsuite ignored="1" hostname="DESKTOP-L2N9NS1" failures="0" tests="1" name="Test" time="37.447" errors="0" timestamp="2022-01-18T17:49:07 IST">
  <testcase classname="practice.CreateOrganization1Test" name="createOrg" time="22.909"/>
  <testcase classname="practice.CreateOrganization1Test" name="createPurchaseOrderAndCopyShippingAddrsTest" time="0.0">
    <ignored/>
  </testcase> <!-- createPurchaseOrderAndCopyShippingAddrsTest -->
</testsuite> <!-- Test -->
