<?xml version="1.0" encoding="UTF-8"?>
<!-- Generated by org.testng.reporters.JUnitXMLReporter -->
<testsuite ignored="0" hostname="DESKTOP-L2N9NS1" failures="0" tests="2" name="Test2" time="202.729" errors="0" timestamp="2022-01-17T23:17:17 IST">
  <testcase classname="purchaseOrder.CreatePurchaseOrderAndSelectTeamSelling_Test" name="createPurchaseOrderAndSelectTeamSelling" time="107.005"/>
  <testcase classname="purchaseOrder.CreatePurchaseOrderAndCopyShippingAddrs_Test" name="createPurchaseOrderAndCopyShippingAddrs" time="95.563"/>
</testsuite> <!-- Test2 -->
