<?xml version="1.0" encoding="UTF-8"?>
<testng-results ignored="0" total="1" passed="1" failed="0" skipped="0">
  <reporter-output>
    <line>
      <![CDATA[verified ? both shipping address and billing address is same]]>
    </line>
  </reporter-output>
  <suite started-at="2022-01-27T12:45:45 IST" name="Default suite" finished-at="2022-01-27T12:47:11 IST" duration-ms="85966">
    <groups>
      <group name="regressionTest">
        <method signature="CreatePurchaseOrderAndCopyShippingAddrs_Test.createPurchaseOrderAndCopyShippingAddrsTest()[pri:0, instance:purchaseOrderTest.CreatePurchaseOrderAndCopyShippingAddrs_Test@53fdffa1]" name="createPurchaseOrderAndCopyShippingAddrsTest" class="purchaseOrderTest.CreatePurchaseOrderAndCopyShippingAddrs_Test"/>
      </group> <!-- regressionTest -->
    </groups>
    <test started-at="2022-01-27T12:45:45 IST" name="Default test" finished-at="2022-01-27T12:47:11 IST" duration-ms="85966">
      <class name="purchaseOrderTest.CreatePurchaseOrderAndCopyShippingAddrs_Test">
        <test-method is-config="true" signature="configBs()[pri:0, instance:purchaseOrderTest.CreatePurchaseOrderAndCopyShippingAddrs_Test@53fdffa1]" started-at="2022-01-27T12:45:45 IST" name="configBs" finished-at="2022-01-27T12:45:45 IST" duration-ms="41" status="PASS">
          <reporter-output>
          </reporter-output>
        </test-method> <!-- configBs -->
        <test-method is-config="true" signature="configBc()[pri:0, instance:purchaseOrderTest.CreatePurchaseOrderAndCopyShippingAddrs_Test@53fdffa1]" started-at="2022-01-27T12:45:45 IST" name="configBc" finished-at="2022-01-27T12:45:52 IST" duration-ms="7470" status="PASS">
          <reporter-output>
          </reporter-output>
        </test-method> <!-- configBc -->
        <test-method is-config="true" signature="configBm()[pri:0, instance:purchaseOrderTest.CreatePurchaseOrderAndCopyShippingAddrs_Test@53fdffa1]" started-at="2022-01-27T12:45:52 IST" name="configBm" finished-at="2022-01-27T12:46:00 IST" duration-ms="8057" status="PASS">
          <reporter-output>
          </reporter-output>
        </test-method> <!-- configBm -->
        <test-method signature="createPurchaseOrderAndCopyShippingAddrsTest()[pri:0, instance:purchaseOrderTest.CreatePurchaseOrderAndCopyShippingAddrs_Test@53fdffa1]" started-at="2022-01-27T12:46:00 IST" name="createPurchaseOrderAndCopyShippingAddrsTest" finished-at="2022-01-27T12:47:07 IST" duration-ms="66439" status="PASS">
          <reporter-output>
            <line>
              <![CDATA[verified ? both shipping address and billing address is same]]>
            </line>
          </reporter-output>
        </test-method> <!-- createPurchaseOrderAndCopyShippingAddrsTest -->
        <test-method is-config="true" signature="configAm()[pri:0, instance:purchaseOrderTest.CreatePurchaseOrderAndCopyShippingAddrs_Test@53fdffa1]" started-at="2022-01-27T12:47:07 IST" name="configAm" finished-at="2022-01-27T12:47:10 IST" duration-ms="2844" status="PASS">
          <reporter-output>
          </reporter-output>
        </test-method> <!-- configAm -->
        <test-method is-config="true" signature="configAc()[pri:0, instance:purchaseOrderTest.CreatePurchaseOrderAndCopyShippingAddrs_Test@53fdffa1]" started-at="2022-01-27T12:47:10 IST" name="configAc" finished-at="2022-01-27T12:47:11 IST" duration-ms="1048" status="PASS">
          <reporter-output>
          </reporter-output>
        </test-method> <!-- configAc -->
        <test-method is-config="true" signature="configAs()[pri:0, instance:purchaseOrderTest.CreatePurchaseOrderAndCopyShippingAddrs_Test@53fdffa1]" started-at="2022-01-27T12:47:11 IST" name="configAs" finished-at="2022-01-27T12:47:11 IST" duration-ms="1" status="PASS">
          <reporter-output>
          </reporter-output>
        </test-method> <!-- configAs -->
      </class> <!-- purchaseOrderTest.CreatePurchaseOrderAndCopyShippingAddrs_Test -->
    </test> <!-- Default test -->
  </suite> <!-- Default suite -->
</testng-results>
